<?xml version="1.0" encoding="UTF-8"?>
<testng-results skipped="0" failed="0" total="1" passed="1">
  <reporter-output>
  </reporter-output>
  <suite name="Suite" duration-ms="35" started-at="2020-01-31T06:57:26Z" finished-at="2020-01-31T06:57:26Z">
    <groups>
    </groups>
    <test name="Test" duration-ms="35" started-at="2020-01-31T06:57:26Z" finished-at="2020-01-31T06:57:26Z">
      <class name="com.maven.scripts.TestJenkins">
        <test-method status="PASS" signature="test1()[pri:0, instance:com.maven.scripts.TestJenkins@13fee20c]" name="test1" duration-ms="8" started-at="2020-01-31T12:27:26Z" finished-at="2020-01-31T12:27:26Z">
          <reporter-output>
          </reporter-output>
        </test-method> <!-- test1 -->
      </class> <!-- com.maven.scripts.TestJenkins -->
    </test> <!-- Test -->
  </suite> <!-- Suite -->
</testng-results>
